info: [1;37mApp is running on 5500, Sun Jul 30 2023 22:08:48 GMT+0300 (Eastern European Summer Time)
warn: [1;33mConnected to Mongo DB, Sun Jul 30 2023 22:08:48 GMT+0300 (Eastern European Summer Time)
info: [1;37mApp is running on 5500, Sun Jul 30 2023 22:10:56 GMT+0300 (Eastern European Summer Time)
info: [1;37mApp is running on 5500, Sun Jul 30 2023 22:11:06 GMT+0300 (Eastern European Summer Time)
warn: [1;33mConnected to Mongo DB, Sun Jul 30 2023 22:11:06 GMT+0300 (Eastern European Summer Time)
info: [1;37mApp is running on 5500, Sun Jul 30 2023 22:11:16 GMT+0300 (Eastern European Summer Time)
info: [1;37mApp is running on 5500, Sun Jul 30 2023 22:11:22 GMT+0300 (Eastern European Summer Time)
info: [1;37mApp is running on 5500, Sun Jul 30 2023 22:11:28 GMT+0300 (Eastern European Summer Time)
info: [1;37mApp is running on 5500, Sun Jul 30 2023 22:11:36 GMT+0300 (Eastern European Summer Time)
info: [1;37mApp is running on 5500, Sun Jul 30 2023 22:11:39 GMT+0300 (Eastern European Summer Time)
warn: [1;33mConnected to Mongo DB, Sun Jul 30 2023 22:11:39 GMT+0300 (Eastern European Summer Time)
info: [1;37mApp is running on 5500, Sun Jul 30 2023 22:12:09 GMT+0300 (Eastern European Summer Time)
warn: [1;33mConnected to Mongo DB, Sun Jul 30 2023 22:12:09 GMT+0300 (Eastern European Summer Time)
info: [1;37mApp is running on 5500, Sun Jul 30 2023 22:12:19 GMT+0300 (Eastern European Summer Time)
warn: [1;33mConnected to Mongo DB, Sun Jul 30 2023 22:12:19 GMT+0300 (Eastern European Summer Time)
info: [1;37mApp is running on 5500, Sun Jul 30 2023 22:12:22 GMT+0300 (Eastern European Summer Time)
warn: [1;33mConnected to Mongo DB, Sun Jul 30 2023 22:12:22 GMT+0300 (Eastern European Summer Time)
info: [1;37mApp is running on 5500, Sun Jul 30 2023 23:48:12 GMT+0300 (Eastern European Summer Time)
info: [1;37mApp is running on 5500, Sun Jul 30 2023 23:48:31 GMT+0300 (Eastern European Summer Time)
info: [1;37mApp is running on 5500, Sun Jul 30 2023 23:48:34 GMT+0300 (Eastern European Summer Time)
info: [1;37mApp is running on 5500, Sun Jul 30 2023 23:48:37 GMT+0300 (Eastern European Summer Time)
info: [1;37mApp is running on 5500, Sun Jul 30 2023 23:48:41 GMT+0300 (Eastern European Summer Time)
warn: [1;33mConnected to Mongo DB, Sun Jul 30 2023 23:48:41 GMT+0300 (Eastern European Summer Time)
info: [1;37mApp is running on 5500, Sun Jul 30 2023 23:49:10 GMT+0300 (Eastern European Summer Time)
warn: [1;33mConnected to Mongo DB, Sun Jul 30 2023 23:49:10 GMT+0300 (Eastern European Summer Time)
info: [1;37mApp is running on 5500, Sun Jul 30 2023 23:49:25 GMT+0300 (Eastern European Summer Time)
warn: [1;33mConnected to Mongo DB, Sun Jul 30 2023 23:49:25 GMT+0300 (Eastern European Summer Time)
info: [1;37mApp is running on 5500, Sun Jul 30 2023 23:50:50 GMT+0300 (Eastern European Summer Time)
warn: [1;33mConnected to Mongo DB, Sun Jul 30 2023 23:50:50 GMT+0300 (Eastern European Summer Time)
info: [1;37mApp is running on 5500, Sun Jul 30 2023 23:50:56 GMT+0300 (Eastern European Summer Time)
warn: [1;33mConnected to Mongo DB, Sun Jul 30 2023 23:50:56 GMT+0300 (Eastern European Summer Time)
info: [1;37mApp is running on 5500, Sun Jul 30 2023 23:51:01 GMT+0300 (Eastern European Summer Time)
warn: [1;33mConnected to Mongo DB, Sun Jul 30 2023 23:51:01 GMT+0300 (Eastern European Summer Time)
info: [1;37mApp is running on 5500, Sun Jul 30 2023 23:51:05 GMT+0300 (Eastern European Summer Time)
warn: [1;33mConnected to Mongo DB, Sun Jul 30 2023 23:51:05 GMT+0300 (Eastern European Summer Time)
info: [1;37mApp is running on 5500, Sun Jul 30 2023 23:51:07 GMT+0300 (Eastern European Summer Time)
warn: [1;33mConnected to Mongo DB, Sun Jul 30 2023 23:51:07 GMT+0300 (Eastern European Summer Time)
info: [1;37mApp is running on 5500, Sun Jul 30 2023 23:51:11 GMT+0300 (Eastern European Summer Time)
warn: [1;33mConnected to Mongo DB, Sun Jul 30 2023 23:51:11 GMT+0300 (Eastern European Summer Time)
info: [1;37mApp is running on 5500, Sun Jul 30 2023 23:51:31 GMT+0300 (Eastern European Summer Time)
warn: [1;33mConnected to Mongo DB, Sun Jul 30 2023 23:51:31 GMT+0300 (Eastern European Summer Time)
info: [1;37mApp is running on 5500, Sun Jul 30 2023 23:52:38 GMT+0300 (Eastern European Summer Time)
warn: [1;33mConnected to Mongo DB, Sun Jul 30 2023 23:52:38 GMT+0300 (Eastern European Summer Time)
info: [1;37mApp is running on 5500, Sun Jul 30 2023 23:54:17 GMT+0300 (Eastern European Summer Time)
warn: [1;33mConnected to Mongo DB, Sun Jul 30 2023 23:54:17 GMT+0300 (Eastern European Summer Time)
info: [1;37mApp is running on 5500, Sun Jul 30 2023 23:54:46 GMT+0300 (Eastern European Summer Time)
warn: [1;33mConnected to Mongo DB, Sun Jul 30 2023 23:54:46 GMT+0300 (Eastern European Summer Time)
info: [1;37mApp is running on 5500, Sun Jul 30 2023 23:54:49 GMT+0300 (Eastern European Summer Time)
warn: [1;33mConnected to Mongo DB, Sun Jul 30 2023 23:54:49 GMT+0300 (Eastern European Summer Time)
info: [1;37mApp is running on 5500, Sun Jul 30 2023 23:54:55 GMT+0300 (Eastern European Summer Time)
warn: [1;33mConnected to Mongo DB, Sun Jul 30 2023 23:54:55 GMT+0300 (Eastern European Summer Time)
info: [1;37mApp is running on 5500, Sun Jul 30 2023 23:55:07 GMT+0300 (Eastern European Summer Time)
warn: [1;33mConnected to Mongo DB, Sun Jul 30 2023 23:55:07 GMT+0300 (Eastern European Summer Time)
info: [1;37mApp is running on 5500, Sun Jul 30 2023 23:55:13 GMT+0300 (Eastern European Summer Time)
warn: [1;33mConnected to Mongo DB, Sun Jul 30 2023 23:55:13 GMT+0300 (Eastern European Summer Time)
info: [1;37mApp is running on 5500, Sun Jul 30 2023 23:55:22 GMT+0300 (Eastern European Summer Time)
warn: [1;33mConnected to Mongo DB, Sun Jul 30 2023 23:55:22 GMT+0300 (Eastern European Summer Time)
info: [1;37mApp is running on 5500, Sun Jul 30 2023 23:55:28 GMT+0300 (Eastern European Summer Time)
warn: [1;33mConnected to Mongo DB, Sun Jul 30 2023 23:55:28 GMT+0300 (Eastern European Summer Time)
info: [1;37mApp is running on 5500, Sun Jul 30 2023 23:55:40 GMT+0300 (Eastern European Summer Time)
warn: [1;33mConnected to Mongo DB, Sun Jul 30 2023 23:55:40 GMT+0300 (Eastern European Summer Time)
info: [1;37mApp is running on 5500, Sun Jul 30 2023 23:58:22 GMT+0300 (Eastern European Summer Time)
warn: [1;33mConnected to Mongo DB, Sun Jul 30 2023 23:58:22 GMT+0300 (Eastern European Summer Time)
info: [1;37mApp is running on 5500, Sun Jul 30 2023 23:58:46 GMT+0300 (Eastern European Summer Time)
warn: [1;33mConnected to Mongo DB, Sun Jul 30 2023 23:58:46 GMT+0300 (Eastern European Summer Time)
info: [1;37mApp is running on 5500, Sun Jul 30 2023 23:59:55 GMT+0300 (Eastern European Summer Time)
info: [1;37mApp is running on 5500, Sun Jul 30 2023 23:59:58 GMT+0300 (Eastern European Summer Time)
warn: [1;33mConnected to Mongo DB, Sun Jul 30 2023 23:59:58 GMT+0300 (Eastern European Summer Time)
info: [1;37mApp is running on 5500, Mon Jul 31 2023 00:00:05 GMT+0300 (Eastern European Summer Time)
warn: [1;33mConnected to Mongo DB, Mon Jul 31 2023 00:00:05 GMT+0300 (Eastern European Summer Time)
info: [1;37mApp is running on 5500, Mon Jul 31 2023 00:06:09 GMT+0300 (Eastern European Summer Time)
warn: [1;33mConnected to Mongo DB, Mon Jul 31 2023 00:06:09 GMT+0300 (Eastern European Summer Time)
info: [1;37mApp is running on 5500, Mon Jul 31 2023 00:06:14 GMT+0300 (Eastern European Summer Time)
warn: [1;33mConnected to Mongo DB, Mon Jul 31 2023 00:06:14 GMT+0300 (Eastern European Summer Time)
info: [1;37mApp is running on undefined, Mon Jul 31 2023 00:25:43 GMT+0300 (Eastern European Summer Time)
warn: [1;33mConnected to Mongo DB, Mon Jul 31 2023 00:25:43 GMT+0300 (Eastern European Summer Time)
info: [1;37mApp is running on undefined, Mon Jul 31 2023 00:27:06 GMT+0300 (Eastern European Summer Time)
warn: [1;33mConnected to Mongo DB, Mon Jul 31 2023 00:27:06 GMT+0300 (Eastern European Summer Time)
info: [1;37mApp is running on undefined, Mon Jul 31 2023 00:27:17 GMT+0300 (Eastern European Summer Time)
warn: [1;33mConnected to Mongo DB, Mon Jul 31 2023 00:27:17 GMT+0300 (Eastern European Summer Time)
info: [1;37mApp is running on undefined, Mon Jul 31 2023 00:28:22 GMT+0300 (Eastern European Summer Time)
info: [1;37mApp is running on undefined, Mon Jul 31 2023 00:28:25 GMT+0300 (Eastern European Summer Time)
info: [1;37mApp is running on undefined, Mon Jul 31 2023 00:28:26 GMT+0300 (Eastern European Summer Time)
info: [1;37mApp is running on 5500, Mon Jul 31 2023 00:33:45 GMT+0300 (Eastern European Summer Time)
warn: [1;33mConnected to Mongo DB, Mon Jul 31 2023 00:33:45 GMT+0300 (Eastern European Summer Time)
info: [1;37mApp is running on 5500, Mon Jul 31 2023 00:33:56 GMT+0300 (Eastern European Summer Time)
warn: [1;33mConnected to Mongo DB, Mon Jul 31 2023 00:33:56 GMT+0300 (Eastern European Summer Time)
info: [1;37mApp is running on 5500, Mon Jul 31 2023 00:34:02 GMT+0300 (Eastern European Summer Time)
warn: [1;33mConnected to Mongo DB, Mon Jul 31 2023 00:34:02 GMT+0300 (Eastern European Summer Time)
info: [1;37mApp is running on 5500, Mon Jul 31 2023 00:34:15 GMT+0300 (Eastern European Summer Time)
warn: [1;33mConnected to Mongo DB, Mon Jul 31 2023 00:34:15 GMT+0300 (Eastern European Summer Time)
warn: [1;33mConnected to Mongo DB, Mon Jul 31 2023 00:35:30 GMT+0300 (Eastern European Summer Time)
warn: [1;33mConnected to Mongo DB, Mon Jul 31 2023 00:35:32 GMT+0300 (Eastern European Summer Time)
warn: [1;33mConnected to Mongo DB, Mon Jul 31 2023 00:35:37 GMT+0300 (Eastern European Summer Time)
warn: [1;33mConnected to Mongo DB, Mon Jul 31 2023 00:35:39 GMT+0300 (Eastern European Summer Time)
warn: [1;33mConnected to Mongo DB, Mon Jul 31 2023 00:35:41 GMT+0300 (Eastern European Summer Time)
warn: [1;33mConnected to Mongo DB, Mon Jul 31 2023 00:35:44 GMT+0300 (Eastern European Summer Time)
warn: [1;33mConnected to Mongo DB, Mon Jul 31 2023 00:36:04 GMT+0300 (Eastern European Summer Time)
warn: [1;33mConnected to Mongo DB, Mon Jul 31 2023 00:36:07 GMT+0300 (Eastern European Summer Time)
warn: [1;33mConnected to Mongo DB, Mon Jul 31 2023 00:36:29 GMT+0300 (Eastern European Summer Time)
warn: [1;33mConnected to Mongo DB, Mon Jul 31 2023 00:36:39 GMT+0300 (Eastern European Summer Time)
warn: [1;33mConnected to Mongo DB, Mon Jul 31 2023 00:36:45 GMT+0300 (Eastern European Summer Time)
warn: [1;33mConnected to Mongo DB, Mon Jul 31 2023 00:36:59 GMT+0300 (Eastern European Summer Time)
warn: [1;33mConnected to Mongo DB, Mon Jul 31 2023 00:37:01 GMT+0300 (Eastern European Summer Time)
warn: [1;33mConnected to Mongo DB, Mon Jul 31 2023 00:37:21 GMT+0300 (Eastern European Summer Time)
warn: [1;33mConnected to Mongo DB, Mon Jul 31 2023 00:37:26 GMT+0300 (Eastern European Summer Time)
info: [1;37mApp is running on 5500, Mon Jul 31 2023 00:38:35 GMT+0300 (Eastern European Summer Time)
warn: [1;33mConnected to Mongo DB, Mon Jul 31 2023 00:38:35 GMT+0300 (Eastern European Summer Time)
info: [1;37mApp is running on 5500, Mon Jul 31 2023 00:38:42 GMT+0300 (Eastern European Summer Time)
warn: [1;33mConnected to Mongo DB, Mon Jul 31 2023 00:38:42 GMT+0300 (Eastern European Summer Time)
warn: [1;33mConnected to Mongo DB, Mon Jul 31 2023 00:38:53 GMT+0300 (Eastern European Summer Time)
warn: [1;33mConnected to Mongo DB, Mon Jul 31 2023 00:38:56 GMT+0300 (Eastern European Summer Time)
warn: [1;33mConnected to Mongo DB, Mon Jul 31 2023 00:38:58 GMT+0300 (Eastern European Summer Time)
warn: [1;33mConnected to Mongo DB, Mon Jul 31 2023 00:39:09 GMT+0300 (Eastern European Summer Time)
warn: [1;33mConnected to Mongo DB, Mon Jul 31 2023 00:39:55 GMT+0300 (Eastern European Summer Time)
warn: [1;33mConnected to Mongo DB, Mon Jul 31 2023 00:39:59 GMT+0300 (Eastern European Summer Time)
warn: [1;33mConnected to Mongo DB, Mon Jul 31 2023 00:40:22 GMT+0300 (Eastern European Summer Time)
warn: [1;33mConnected to Mongo DB, Mon Jul 31 2023 00:40:56 GMT+0300 (Eastern European Summer Time)
info: [1;37mApp is running on 5000, Mon Jul 31 2023 00:41:27 GMT+0300 (Eastern European Summer Time)
warn: [1;33mConnected to Mongo DB, Mon Jul 31 2023 00:41:27 GMT+0300 (Eastern European Summer Time)
info: [1;37mApp is running on 5000, Mon Jul 31 2023 00:43:55 GMT+0300 (Eastern European Summer Time)
warn: [1;33mConnected to Mongo DB, Mon Jul 31 2023 00:43:55 GMT+0300 (Eastern European Summer Time)
info: [1;37mApp is running on 5000, Mon Jul 31 2023 00:44:08 GMT+0300 (Eastern European Summer Time)
warn: [1;33mConnected to Mongo DB, Mon Jul 31 2023 00:44:08 GMT+0300 (Eastern European Summer Time)
info: [1;37mApp is running on 5000, Mon Jul 31 2023 00:44:17 GMT+0300 (Eastern European Summer Time)
warn: [1;33mConnected to Mongo DB, Mon Jul 31 2023 00:44:17 GMT+0300 (Eastern European Summer Time)
info: [1;37mApp is running on 5000, Mon Jul 31 2023 00:44:27 GMT+0300 (Eastern European Summer Time)
warn: [1;33mConnected to Mongo DB, Mon Jul 31 2023 00:44:27 GMT+0300 (Eastern European Summer Time)
info: [1;37mApp is running on [1;31m5000, Mon Jul 31 2023 00:44:53 GMT+0300 (Eastern European Summer Time)
warn: [1;33mConnected to Mongo DB, Mon Jul 31 2023 00:44:53 GMT+0300 (Eastern European Summer Time)
info: [1;37mApp is running on 5000, Mon Jul 31 2023 00:44:57 GMT+0300 (Eastern European Summer Time)
warn: [1;33mConnected to Mongo DB, Mon Jul 31 2023 00:44:57 GMT+0300 (Eastern European Summer Time)
info: [1;37mApp is running on [1;31m5000, Mon Jul 31 2023 00:45:08 GMT+0300 (Eastern European Summer Time)
warn: [1;33mConnected to Mongo DB, Mon Jul 31 2023 00:45:08 GMT+0300 (Eastern European Summer Time)
info: [1;37mApp is running on 5000, Mon Jul 31 2023 00:45:19 GMT+0300 (Eastern European Summer Time)
warn: [1;33mConnected to Mongo DB, Mon Jul 31 2023 00:45:19 GMT+0300 (Eastern European Summer Time)
info: [1;37mApp is running on 5000, Mon Jul 31 2023 00:45:22 GMT+0300 (Eastern European Summer Time)
warn: [1;33mConnected to Mongo DB, Mon Jul 31 2023 00:45:22 GMT+0300 (Eastern European Summer Time)
info: [1;37mApp is running on 5000, Mon Jul 31 2023 00:45:34 GMT+0300 (Eastern European Summer Time)
warn: [1;33mConnected to Mongo DB, Mon Jul 31 2023 00:45:34 GMT+0300 (Eastern European Summer Time)
info: [1;37mApp is running on [1;31m5000, Mon Jul 31 2023 00:45:38 GMT+0300 (Eastern European Summer Time)
warn: [1;33mConnected to Mongo DB, Mon Jul 31 2023 00:45:38 GMT+0300 (Eastern European Summer Time)
info: [1;37mApp is running on 5000, Mon Jul 31 2023 00:45:48 GMT+0300 (Eastern European Summer Time)
warn: [1;33mConnected to Mongo DB, Mon Jul 31 2023 00:45:48 GMT+0300 (Eastern European Summer Time)
info: [1;37mApp is running on 5000, Mon Jul 31 2023 00:45:52 GMT+0300 (Eastern European Summer Time)
warn: [1;33mConnected to Mongo DB, Mon Jul 31 2023 00:45:52 GMT+0300 (Eastern European Summer Time)
info: [1;37mApp is running on ${PORT}, Mon Jul 31 2023 00:46:11 GMT+0300 (Eastern European Summer Time)
warn: [1;33mConnected to Mongo DB, Mon Jul 31 2023 00:46:11 GMT+0300 (Eastern European Summer Time)
info: [1;37mApp is running on ${PORT, Mon Jul 31 2023 00:46:14 GMT+0300 (Eastern European Summer Time)
warn: [1;33mConnected to Mongo DB, Mon Jul 31 2023 00:46:14 GMT+0300 (Eastern European Summer Time)
info: [1;37mApp is running on PORT, Mon Jul 31 2023 00:46:16 GMT+0300 (Eastern European Summer Time)
warn: [1;33mConnected to Mongo DB, Mon Jul 31 2023 00:46:16 GMT+0300 (Eastern European Summer Time)
info: [1;37mApp is running on +PORT, Mon Jul 31 2023 00:46:18 GMT+0300 (Eastern European Summer Time)
info: [1;37mApp is running on + PORT, Mon Jul 31 2023 00:46:19 GMT+0300 (Eastern European Summer Time)
warn: [1;33mConnected to Mongo DB, Mon Jul 31 2023 00:46:19 GMT+0300 (Eastern European Summer Time)
info: [1;37mApp is running on# + PORT, Mon Jul 31 2023 00:46:21 GMT+0300 (Eastern European Summer Time)
info: [1;37mApp is running on[1;31m5000, Mon Jul 31 2023 00:46:58 GMT+0300 (Eastern European Summer Time)
warn: [1;33mConnected to Mongo DB, Mon Jul 31 2023 00:46:58 GMT+0300 (Eastern European Summer Time)
info: [1;37mApp is running on 5000, Mon Jul 31 2023 00:47:07 GMT+0300 (Eastern European Summer Time)
warn: [1;33mConnected to Mongo DB, Mon Jul 31 2023 00:47:07 GMT+0300 (Eastern European Summer Time)
info: [1;37mApp is running on 5000, Mon Jul 31 2023 00:47:27 GMT+0300 (Eastern European Summer Time)
warn: [1;33mConnected to Mongo DB, Mon Jul 31 2023 00:47:27 GMT+0300 (Eastern European Summer Time)
info: [1;37mApp is running on 5000, Mon Jul 31 2023 00:54:14 GMT+0300 (Eastern European Summer Time)
warn: [1;33mConnected to Mongo DB, Mon Jul 31 2023 00:54:14 GMT+0300 (Eastern European Summer Time)
info: [1;37mApp is running on 5000, Mon Jul 31 2023 00:56:54 GMT+0300 (Eastern European Summer Time)
warn: [1;33mConnected to Mongo DB, Mon Jul 31 2023 00:56:54 GMT+0300 (Eastern European Summer Time)
info: [1;37mApp is running on 5000, Mon Jul 31 2023 00:56:57 GMT+0300 (Eastern European Summer Time)
warn: [1;33mConnected to Mongo DB, Mon Jul 31 2023 00:56:57 GMT+0300 (Eastern European Summer Time)
info: [1;37mApp is running on 5000, Mon Jul 31 2023 00:57:00 GMT+0300 (Eastern European Summer Time)
warn: [1;33mConnected to Mongo DB, Mon Jul 31 2023 00:57:00 GMT+0300 (Eastern European Summer Time)
info: [1;37mApp is running on 5000, Mon Jul 31 2023 00:57:04 GMT+0300 (Eastern European Summer Time)
warn: [1;33mConnected to Mongo DB, Mon Jul 31 2023 00:57:04 GMT+0300 (Eastern European Summer Time)
info: [1;37mApp is running on 5000, Mon Jul 31 2023 00:57:11 GMT+0300 (Eastern European Summer Time)
warn: [1;33mConnected to Mongo DB, Mon Jul 31 2023 00:57:11 GMT+0300 (Eastern European Summer Time)
info: [1;37mApp is running on 5000, Mon Jul 31 2023 00:57:18 GMT+0300 (Eastern European Summer Time)
warn: [1;33mConnected to Mongo DB, Mon Jul 31 2023 00:57:18 GMT+0300 (Eastern European Summer Time)
info: [1;37mApp is running on 5000, Mon Jul 31 2023 00:57:30 GMT+0300 (Eastern European Summer Time)
warn: [1;33mConnected to Mongo DB, Mon Jul 31 2023 00:57:30 GMT+0300 (Eastern European Summer Time)
info: [1;37mApp is running on 5000, Mon Jul 31 2023 00:57:33 GMT+0300 (Eastern European Summer Time)
warn: [1;33mConnected to Mongo DB, Mon Jul 31 2023 00:57:33 GMT+0300 (Eastern European Summer Time)
info: [1;37mApp is running on 5000, Mon Jul 31 2023 00:57:45 GMT+0300 (Eastern European Summer Time)
warn: [1;33mConnected to Mongo DB, Mon Jul 31 2023 00:57:45 GMT+0300 (Eastern European Summer Time)
info: [1;37mApp is running on 5000, Mon Jul 31 2023 00:57:54 GMT+0300 (Eastern European Summer Time)
warn: [1;33mConnected to Mongo DB, Mon Jul 31 2023 00:57:54 GMT+0300 (Eastern European Summer Time)
info: [1;37mApp is running on 5000, Mon Jul 31 2023 00:57:57 GMT+0300 (Eastern European Summer Time)
warn: [1;33mConnected to Mongo DB, Mon Jul 31 2023 00:57:57 GMT+0300 (Eastern European Summer Time)
info: [1;37mApp is running on 5000, Mon Jul 31 2023 00:57:59 GMT+0300 (Eastern European Summer Time)
warn: [1;33mConnected to Mongo DB, Mon Jul 31 2023 00:57:59 GMT+0300 (Eastern European Summer Time)
info: [1;37mApp is running on 5000, Mon Jul 31 2023 00:58:09 GMT+0300 (Eastern European Summer Time)
warn: [1;33mConnected to Mongo DB, Mon Jul 31 2023 00:58:09 GMT+0300 (Eastern European Summer Time)
info: [1;37mApp is running on 5000, Mon Jul 31 2023 00:58:11 GMT+0300 (Eastern European Summer Time)
warn: [1;33mConnected to Mongo DB, Mon Jul 31 2023 00:58:11 GMT+0300 (Eastern European Summer Time)
info: [1;37mApp is running on 5000, Mon Jul 31 2023 00:58:13 GMT+0300 (Eastern European Summer Time)
warn: [1;33mConnected to Mongo DB, Mon Jul 31 2023 00:58:13 GMT+0300 (Eastern European Summer Time)
info: [1;37mApp is running on 5000, Mon Jul 31 2023 00:58:23 GMT+0300 (Eastern European Summer Time)
warn: [1;33mConnected to Mongo DB, Mon Jul 31 2023 00:58:23 GMT+0300 (Eastern European Summer Time)
info: [1;37mApp is running on 5000, Mon Jul 31 2023 00:58:26 GMT+0300 (Eastern European Summer Time)
warn: [1;33mConnected to Mongo DB, Mon Jul 31 2023 00:58:26 GMT+0300 (Eastern European Summer Time)
info: [1;37mApp is running on 5000, Mon Jul 31 2023 00:58:29 GMT+0300 (Eastern European Summer Time)
warn: [1;33mConnected to Mongo DB, Mon Jul 31 2023 00:58:29 GMT+0300 (Eastern European Summer Time)
info: [1;37mApp is running on 5000, Mon Jul 31 2023 00:58:49 GMT+0300 (Eastern European Summer Time)
warn: [1;33mConnected to Mongo DB, Mon Jul 31 2023 00:58:49 GMT+0300 (Eastern European Summer Time)
info: [1;37mApp is running on 5000, Mon Jul 31 2023 00:58:55 GMT+0300 (Eastern European Summer Time)
warn: [1;33mConnected to Mongo DB, Mon Jul 31 2023 00:58:55 GMT+0300 (Eastern European Summer Time)
info: [1;37mApp is running on 5000, Mon Jul 31 2023 00:59:06 GMT+0300 (Eastern European Summer Time)
warn: [1;33mConnected to Mongo DB, Mon Jul 31 2023 00:59:06 GMT+0300 (Eastern European Summer Time)
info: [1;37mApp is running on 5000, Mon Jul 31 2023 00:59:13 GMT+0300 (Eastern European Summer Time)
warn: [1;33mConnected to Mongo DB, Mon Jul 31 2023 00:59:13 GMT+0300 (Eastern European Summer Time)
info: [1;37mApp is running on 5000, Mon Jul 31 2023 00:59:17 GMT+0300 (Eastern European Summer Time)
warn: [1;33mConnected to Mongo DB, Mon Jul 31 2023 00:59:17 GMT+0300 (Eastern European Summer Time)
info: [1;37mApp is running on 5000, Mon Jul 31 2023 00:59:24 GMT+0300 (Eastern European Summer Time)
warn: [1;33mConnected to Mongo DB, Mon Jul 31 2023 00:59:24 GMT+0300 (Eastern European Summer Time)
info: [1;37mApp is running on 5000, Mon Jul 31 2023 00:59:26 GMT+0300 (Eastern European Summer Time)
warn: [1;33mConnected to Mongo DB, Mon Jul 31 2023 00:59:26 GMT+0300 (Eastern European Summer Time)
info: [1;37mApp is running on 5000, Mon Jul 31 2023 00:59:38 GMT+0300 (Eastern European Summer Time)
warn: [1;33mConnected to Mongo DB, Mon Jul 31 2023 00:59:38 GMT+0300 (Eastern European Summer Time)
info: [1;37mApp is running on 5000, Mon Jul 31 2023 00:59:42 GMT+0300 (Eastern European Summer Time)
warn: [1;33mConnected to Mongo DB, Mon Jul 31 2023 00:59:42 GMT+0300 (Eastern European Summer Time)
info: [1;37mApp is running on 5000, Mon Jul 31 2023 00:59:45 GMT+0300 (Eastern European Summer Time)
warn: [1;33mConnected to Mongo DB, Mon Jul 31 2023 00:59:45 GMT+0300 (Eastern European Summer Time)
info: [1;37mApp is running on 5000, Mon Jul 31 2023 00:59:53 GMT+0300 (Eastern European Summer Time)
warn: [1;33mConnected to Mongo DB, Mon Jul 31 2023 00:59:53 GMT+0300 (Eastern European Summer Time)
info: [1;37mApp is running on 5000, Mon Jul 31 2023 00:59:56 GMT+0300 (Eastern European Summer Time)
warn: [1;33mConnected to Mongo DB, Mon Jul 31 2023 00:59:56 GMT+0300 (Eastern European Summer Time)
info: [1;37mApp is running on 5000, Mon Jul 31 2023 01:00:00 GMT+0300 (Eastern European Summer Time)
warn: [1;33mConnected to Mongo DB, Mon Jul 31 2023 01:00:00 GMT+0300 (Eastern European Summer Time)
info: [1;37mApp is running on 5000, Mon Jul 31 2023 01:00:01 GMT+0300 (Eastern European Summer Time)
warn: [1;33mConnected to Mongo DB, Mon Jul 31 2023 01:00:01 GMT+0300 (Eastern European Summer Time)
info: [1;37mApp is running on 5000, Mon Jul 31 2023 01:00:04 GMT+0300 (Eastern European Summer Time)
warn: [1;33mConnected to Mongo DB, Mon Jul 31 2023 01:00:04 GMT+0300 (Eastern European Summer Time)
info: [1;37mApp is running on 5000, Mon Jul 31 2023 01:00:25 GMT+0300 (Eastern European Summer Time)
warn: [1;33mConnected to Mongo DB, Mon Jul 31 2023 01:00:25 GMT+0300 (Eastern European Summer Time)
info: [1;37mApp is running on 5000, Mon Jul 31 2023 01:00:48 GMT+0300 (Eastern European Summer Time)
warn: [1;33mConnected to Mongo DB, Mon Jul 31 2023 01:00:48 GMT+0300 (Eastern European Summer Time)
info: [1;37mApp is running on 5000, Mon Jul 31 2023 01:00:53 GMT+0300 (Eastern European Summer Time)
warn: [1;33mConnected to Mongo DB, Mon Jul 31 2023 01:00:53 GMT+0300 (Eastern European Summer Time)
info: [1;37mApp is running on 5000, Mon Jul 31 2023 01:00:56 GMT+0300 (Eastern European Summer Time)
warn: [1;33mConnected to Mongo DB, Mon Jul 31 2023 01:00:56 GMT+0300 (Eastern European Summer Time)
info: [1;37mApp is running on 5000, Mon Jul 31 2023 01:00:58 GMT+0300 (Eastern European Summer Time)
warn: [1;33mConnected to Mongo DB, Mon Jul 31 2023 01:00:58 GMT+0300 (Eastern European Summer Time)
info: [1;37mApp is running on 5000, Mon Jul 31 2023 01:01:13 GMT+0300 (Eastern European Summer Time)
warn: [1;33mConnected to Mongo DB, Mon Jul 31 2023 01:01:13 GMT+0300 (Eastern European Summer Time)
info: [1;37mApp is running on 5000, Mon Jul 31 2023 01:01:25 GMT+0300 (Eastern European Summer Time)
warn: [1;33mConnected to Mongo DB, Mon Jul 31 2023 01:01:25 GMT+0300 (Eastern European Summer Time)
info: [1;37mApp is running on 5000, Mon Jul 31 2023 01:01:38 GMT+0300 (Eastern European Summer Time)
warn: [1;33mConnected to Mongo DB, Mon Jul 31 2023 01:01:38 GMT+0300 (Eastern European Summer Time)
info: [1;37mApp is running on 5000, Mon Jul 31 2023 01:01:46 GMT+0300 (Eastern European Summer Time)
warn: [1;33mConnected to Mongo DB, Mon Jul 31 2023 01:01:46 GMT+0300 (Eastern European Summer Time)
info: [1;37mApp is running on 5000, Mon Jul 31 2023 01:01:54 GMT+0300 (Eastern European Summer Time)
warn: [1;33mConnected to Mongo DB, Mon Jul 31 2023 01:01:54 GMT+0300 (Eastern European Summer Time)
info: [1;37mApp is running on 5000, Mon Jul 31 2023 01:02:09 GMT+0300 (Eastern European Summer Time)
warn: [1;33mConnected to Mongo DB, Mon Jul 31 2023 01:02:09 GMT+0300 (Eastern European Summer Time)
info: [1;37mApp is running on 5000, Mon Jul 31 2023 01:02:14 GMT+0300 (Eastern European Summer Time)
warn: [1;33mConnected to Mongo DB, Mon Jul 31 2023 01:02:14 GMT+0300 (Eastern European Summer Time)
info: [1;37mApp is running on 5000, Mon Jul 31 2023 01:02:17 GMT+0300 (Eastern European Summer Time)
warn: [1;33mConnected to Mongo DB, Mon Jul 31 2023 01:02:17 GMT+0300 (Eastern European Summer Time)
info: [1;37mApp is running on 5000, Mon Jul 31 2023 01:02:24 GMT+0300 (Eastern European Summer Time)
warn: [1;33mConnected to Mongo DB, Mon Jul 31 2023 01:02:24 GMT+0300 (Eastern European Summer Time)
info: [1;37mApp is running on 5000, Mon Jul 31 2023 01:02:27 GMT+0300 (Eastern European Summer Time)
warn: [1;33mConnected to Mongo DB, Mon Jul 31 2023 01:02:27 GMT+0300 (Eastern European Summer Time)
info: [1;37mApp is running on 5000, Mon Jul 31 2023 01:02:32 GMT+0300 (Eastern European Summer Time)
warn: [1;33mConnected to Mongo DB, Mon Jul 31 2023 01:02:32 GMT+0300 (Eastern European Summer Time)
info: [1;37mApp is running on 5000, Mon Jul 31 2023 01:02:45 GMT+0300 (Eastern European Summer Time)
warn: [1;33mConnected to Mongo DB, Mon Jul 31 2023 01:02:45 GMT+0300 (Eastern European Summer Time)
info: [1;37mApp is running on 5000, Mon Jul 31 2023 01:02:55 GMT+0300 (Eastern European Summer Time)
warn: [1;33mConnected to Mongo DB, Mon Jul 31 2023 01:02:55 GMT+0300 (Eastern European Summer Time)
info: [1;37mApp is running on 5000, Mon Jul 31 2023 01:02:58 GMT+0300 (Eastern European Summer Time)
warn: [1;33mConnected to Mongo DB, Mon Jul 31 2023 01:02:58 GMT+0300 (Eastern European Summer Time)
info: [1;37mApp is running on 5000, Mon Jul 31 2023 01:03:01 GMT+0300 (Eastern European Summer Time)
warn: [1;33mConnected to Mongo DB, Mon Jul 31 2023 01:03:01 GMT+0300 (Eastern European Summer Time)
info: [1;37mApp is running on 5000, Mon Jul 31 2023 01:03:08 GMT+0300 (Eastern European Summer Time)
warn: [1;33mConnected to Mongo DB, Mon Jul 31 2023 01:03:08 GMT+0300 (Eastern European Summer Time)
info: [1;37mApp is running on 5000, Mon Jul 31 2023 01:03:32 GMT+0300 (Eastern European Summer Time)
info: [1;37mApp is running on 5000, Mon Jul 31 2023 01:03:33 GMT+0300 (Eastern European Summer Time)
warn: [1;33mConnected to Mongo DB, Mon Jul 31 2023 01:03:33 GMT+0300 (Eastern European Summer Time)
info: [1;37mApp is running on 5000, Mon Jul 31 2023 01:03:35 GMT+0300 (Eastern European Summer Time)
warn: [1;33mConnected to Mongo DB, Mon Jul 31 2023 01:03:35 GMT+0300 (Eastern European Summer Time)
info: [1;37mApp is running on 5000, Mon Jul 31 2023 01:04:54 GMT+0300 (Eastern European Summer Time)
warn: [1;33mConnected to Mongo DB, Mon Jul 31 2023 01:04:54 GMT+0300 (Eastern European Summer Time)
info: [1;37mApp is running on 5000, Mon Jul 31 2023 01:05:02 GMT+0300 (Eastern European Summer Time)
warn: [1;33mConnected to Mongo DB, Mon Jul 31 2023 01:05:02 GMT+0300 (Eastern European Summer Time)
info: [1;37mApp is running on 5000, Mon Jul 31 2023 01:05:30 GMT+0300 (Eastern European Summer Time)
warn: [1;33mConnected to Mongo DB, Mon Jul 31 2023 01:05:30 GMT+0300 (Eastern European Summer Time)
info: [1;37mApp is running on 5000, Mon Jul 31 2023 01:05:35 GMT+0300 (Eastern European Summer Time)
warn: [1;33mConnected to Mongo DB, Mon Jul 31 2023 01:05:35 GMT+0300 (Eastern European Summer Time)
info: [1;37mApp is running on 5000, Mon Jul 31 2023 01:05:41 GMT+0300 (Eastern European Summer Time)
warn: [1;33mConnected to Mongo DB, Mon Jul 31 2023 01:05:41 GMT+0300 (Eastern European Summer Time)
info: [1;37mApp is running on 5000, Mon Jul 31 2023 01:05:58 GMT+0300 (Eastern European Summer Time)
warn: [1;33mConnected to Mongo DB, Mon Jul 31 2023 01:05:58 GMT+0300 (Eastern European Summer Time)
info: [1;37mApp is running on 5000, Mon Jul 31 2023 01:06:02 GMT+0300 (Eastern European Summer Time)
warn: [1;33mConnected to Mongo DB, Mon Jul 31 2023 01:06:02 GMT+0300 (Eastern European Summer Time)
info: [1;37mApp is running on 5000, Mon Jul 31 2023 01:06:11 GMT+0300 (Eastern European Summer Time)
warn: [1;33mConnected to Mongo DB, Mon Jul 31 2023 01:06:11 GMT+0300 (Eastern European Summer Time)
info: [1;37mApp is running on 5500, Mon Jul 31 2023 01:12:30 GMT+0300 (Eastern European Summer Time)
warn: [1;33mConnected to Mongo DB, Mon Jul 31 2023 01:12:30 GMT+0300 (Eastern European Summer Time)
info: [1;37mApp is running on 5500, Mon Jul 31 2023 01:12:59 GMT+0300 (Eastern European Summer Time)
warn: [1;33mConnected to Mongo DB, Mon Jul 31 2023 01:12:59 GMT+0300 (Eastern European Summer Time)
info: [1;37mApp is running on 5000, Mon Jul 31 2023 01:15:14 GMT+0300 (Eastern European Summer Time)
warn: [1;33mConnected to Mongo DB, Mon Jul 31 2023 01:15:14 GMT+0300 (Eastern European Summer Time)
info: [1;37mApp is running on 5000, Mon Jul 31 2023 01:16:37 GMT+0300 (Eastern European Summer Time)
warn: [1;33mConnected to Mongo DB, Mon Jul 31 2023 01:16:37 GMT+0300 (Eastern European Summer Time)
info: [1;37mApp is running on 5000, Mon Jul 31 2023 01:17:14 GMT+0300 (Eastern European Summer Time)
warn: [1;33mConnected to Mongo DB, Mon Jul 31 2023 01:17:14 GMT+0300 (Eastern European Summer Time)
info: [1;37mApp is running on 5500, Mon Jul 31 2023 01:17:51 GMT+0300 (Eastern European Summer Time)
warn: [1;33mConnected to Mongo DB, Mon Jul 31 2023 01:17:51 GMT+0300 (Eastern European Summer Time)
info: [1;37mApp is running on 5500, Mon Jul 31 2023 01:18:14 GMT+0300 (Eastern European Summer Time)
warn: [1;33mConnected to Mongo DB, Mon Jul 31 2023 01:18:14 GMT+0300 (Eastern European Summer Time)
info: [1;37mApp is running on 5000, Mon Jul 31 2023 01:27:12 GMT+0300 (Eastern European Summer Time)
warn: [1;33mConnected to Mongo DB, Mon Jul 31 2023 01:27:12 GMT+0300 (Eastern European Summer Time)
info: [1;37mApp is running on 5000, Mon Jul 31 2023 01:27:55 GMT+0300 (Eastern European Summer Time)
warn: [1;33mConnected to Mongo DB, Mon Jul 31 2023 01:27:55 GMT+0300 (Eastern European Summer Time)
